<?xml version="1.0" encoding="UTF-8"?>
<!-- Generated by org.testng.reporters.JUnitReportReporter -->
<testsuite hostname="Nancy-Emad" failures="0" tests="4" name="itworx.itworx.FootballStatusTestCases" time="19.454" errors="0" timestamp="2022-09-24T17:11:07 EET" skipped="0">
  <testcase classname="itworx.itworx.FootballStatusTestCases" name="getTop20Scores" time="5.035"/>
  <system-out/>
  <testcase classname="itworx.itworx.FootballStatusTestCases" name="verifyHighestTeam" time="4.268"/>
  <system-out/>
  <testcase classname="itworx.itworx.FootballStatusTestCases" name="languageVerification" time="4.646"/>
  <system-out/>
  <testcase classname="itworx.itworx.FootballStatusTestCases" name="verifyHighestTeam" time="5.505"/>
  <system-out/>
</testsuite> <!-- itworx.itworx.FootballStatusTestCases -->
